<?xml version="1.0" encoding="UTF-8"?>
<!-- Generated by org.testng.reporters.JUnitReportReporter -->
<testsuite hostname="DESKTOP-H3TH3F2" failures="0" tests="2" name="com.mystore.testcase.TC_MyAccountPageTest" time="2.298" errors="0" timestamp="2024-07-03T12:13:17 IST" skipped="1">
  <testcase classname="com.mystore.testcase.TC_MyAccountPageTest" name="verifyLogin" time="2.298"/>
  <testcase classname="com.mystore.testcase.TC_MyAccountPageTest" name="verifyRegistrationAndLogin">
    <skipped/>
  </testcase> <!-- verifyRegistrationAndLogin -->
</testsuite> <!-- com.mystore.testcase.TC_MyAccountPageTest -->
